\BOOKMARK [0][-]{title.0}{\376\377\134\001\227\142}{}% 1
\BOOKMARK [0][-]{chapter*.1}{\376\377\144\130\211\201}{}% 2
\BOOKMARK [0][-]{chapter*.2}{ABSTRACT}{}% 3
\BOOKMARK [0][-]{chapter*.2}{\376\377\166\356\137\125}{}% 4
\BOOKMARK [0][-]{chapter.1}{\376\377\144\260\121\231\060\001\177\026\213\321\060\001\142\123\123\160}{}% 5
\BOOKMARK [1][-]{section.1.1}{\376\377\121\167\117\123\117\177\165\050\153\145\232\244}{chapter.1}% 6
\BOOKMARK [1][-]{section.1.2}{\376\377\177\026\213\321\166\204\145\271\154\325}{chapter.1}% 7
\BOOKMARK [1][-]{section.1.3}{\376\377\145\207\150\143\174\173\127\213\220\011\142\351}{chapter.1}% 8
\BOOKMARK [1][-]{section.1.4}{\376\377\142\123\123\160\166\204\225\356\230\230}{chapter.1}% 9
\BOOKMARK [0][-]{chapter.2}{\376\377\116\000\116\233\176\306\202\202\166\204\225\356\230\230}{}% 10
\BOOKMARK [1][-]{section.2.1}{\376\377\152\041\147\177\145\207\116\366\176\323\147\204\123\312\122\237\200\375\116\313\176\315}{chapter.2}% 11
\BOOKMARK [1][-]{section.2.2}{\376\377\133\127\117\123\214\003\202\202}{chapter.2}% 12
\BOOKMARK [1][-]{section.2.3}{\376\377\133\127\123\367\214\003\202\202}{chapter.2}% 13
\BOOKMARK [1][-]{section.2.4}{\376\377\135\362\122\240\121\145\166\204\136\070\165\050\133\217\123\005}{chapter.2}% 14
\BOOKMARK [1][-]{section.2.5}{\376\377\150\007\160\271\173\046\123\367\166\204\225\356\230\230}{chapter.2}% 15
\BOOKMARK [1][-]{section.2.6}{\376\377\116\244\123\311\137\025\165\050\166\204\225\356\230\230}{chapter.2}% 16
\BOOKMARK [2][-]{subsection.2.6.1}{\376\377\123\302\200\003\145\207\163\056\166\204\137\025\165\050}{section.2.6}% 17
\BOOKMARK [2][-]{subsection.2.6.2}{\376\377\133\232\164\006\163\257\130\203\124\214\121\154\137\017\166\204\137\025\165\050}{section.2.6}% 18
\BOOKMARK [1][-]{section.2.7}{\376\377\126\376\137\142}{chapter.2}% 19
\BOOKMARK [1][-]{section.2.8}{\376\377\210\150\150\074}{chapter.2}% 20
\BOOKMARK [1][-]{section.2.9}{\376\377\172\013\136\217\116\343\170\001}{chapter.2}% 21
\BOOKMARK [0][-]{chapter.3}{\376\377\146\076\171\072\155\113\213\325}{}% 22
\BOOKMARK [1][-]{section.3.1}{\376\377\133\127\117\123\155\113\213\325}{chapter.3}% 23
\BOOKMARK [1][-]{section.3.2}{\376\377\145\160\133\146\121\154\137\017\155\113\213\325}{chapter.3}% 24
\BOOKMARK [1][-]{section.3.3}{\376\377\126\376\162\107\155\113\213\325}{chapter.3}% 25
\BOOKMARK [1][-]{section.3.4}{\376\377\137\025\165\050\155\113\213\325}{chapter.3}% 26
\BOOKMARK [0][-]{chapter.4}{\376\377\155\113\213\325}{}% 27
\BOOKMARK [1][-]{section.4.1}{\376\377\145\207\133\127\155\113\213\325}{chapter.4}% 28
\BOOKMARK [1][-]{section.4.2}{\376\377\121\154\137\017}{chapter.4}% 29
\BOOKMARK [2][-]{subsection.4.2.1}{\376\377\173\227\173\046\060\001\136\014\201\112\133\127\153\315}{section.4.2}% 30
\BOOKMARK [2][-]{subsection.4.2.2}{\376\377\121\340\174\173\145\160\133\146\133\127\153\315\210\150}{section.4.2}% 31
\BOOKMARK [2][-]{subsection.4.2.3}{\376\377\377\010\116\015\377\011\136\046\177\026\123\367\123\125\210\114\121\154\137\017}{section.4.2}% 32
\BOOKMARK [2][-]{subsection.4.2.4}{\376\377\377\010\116\015\377\011\136\046\177\026\123\367\131\032\210\114\121\154\137\017}{section.4.2}% 33
\BOOKMARK [2][-]{subsection.4.2.5}{\376\377\167\351\226\065}{section.4.2}% 34
\BOOKMARK [1][-]{section.4.3}{\376\377\201\032\154\350\155\113\213\325}{chapter.4}% 35
\BOOKMARK [1][-]{section.4.4}{\376\377\137\025\165\050\155\113\213\325}{chapter.4}% 36
\BOOKMARK [2][-]{subsection.4.4.1}{\376\377\123\302\200\003\145\207\163\056}{section.4.4}% 37
\BOOKMARK [1][-]{section.4.5}{\376\377\126\376\210\150\155\113\213\325}{chapter.4}% 38
\BOOKMARK [1][-]{section.4.6}{\376\377\173\227\154\325}{chapter.4}% 39
\BOOKMARK [1][-]{section.4.7}{\376\377\135\362\133\232\116\111\131\175\166\204\116\000\116\233\145\160\133\146\133\232\164\006\163\257\130\203}{chapter.4}% 40
\BOOKMARK [1][-]{section.4.8}{\376\377\133\127\117\123\155\113\213\325}{chapter.4}% 41
\BOOKMARK [0][-]{section*.14}{\376\377\123\302\200\003\145\207\163\056}{}% 42
\BOOKMARK [0][-]{chapter*.16}{\376\377\123\302\200\003\145\207\163\056\0002}{}% 43
\BOOKMARK [0][-]{appendix.A}{\376\377\145\073\213\373\170\125\130\353\133\146\117\115\147\037\225\364\123\326\137\227\166\204\170\024\172\166\142\020\147\234}{}% 44
\BOOKMARK [0][-]{appendix.B}{\376\377\226\104\137\125\155\113\213\325\0002}{}% 45
\BOOKMARK [1][-]{section.B.1}{\376\377\155\113\213\325\0002\000.\0001}{appendix.B}% 46
\BOOKMARK [1][-]{section.B.2}{\376\377\155\113\213\325\0002\000.\0002}{appendix.B}% 47
\BOOKMARK [0][-]{appendix*.17}{\376\377\201\364\214\042}{}% 48
